<?xml version="1.0" encoding="UTF-8"?>
<testng-results skipped="0" failed="0" ignored="0" total="1" passed="1">
  <reporter-output>
  </reporter-output>
  <suite name="Suite" duration-ms="34260" started-at="2020-09-12T09:04:30Z" finished-at="2020-09-12T09:05:04Z">
    <groups>
    </groups>
    <test name="Test_One_Lin" duration-ms="34260" started-at="2020-09-12T09:04:30Z" finished-at="2020-09-12T09:05:04Z">
      <class name="Demo_Selenium.Check_Youtube_Message">
        <test-method status="PASS" signature="beforeTest()[pri:0, instance:Demo_Selenium.Check_Youtube_Message@17f6480]" name="beforeTest" is-config="true" duration-ms="10516" started-at="2020-09-12T09:04:30Z" finished-at="2020-09-12T09:04:41Z">
          <reporter-output>
          </reporter-output>
        </test-method> <!-- beforeTest -->
        <test-method status="PASS" signature="Studio_NPT()[pri:0, instance:Demo_Selenium.Check_Youtube_Message@17f6480]" name="Studio_NPT" duration-ms="19570" started-at="2020-09-12T09:04:41Z" finished-at="2020-09-12T09:05:00Z">
          <reporter-output>
          </reporter-output>
        </test-method> <!-- Studio_NPT -->
        <test-method status="PASS" signature="afterTest()[pri:0, instance:Demo_Selenium.Check_Youtube_Message@17f6480]" name="afterTest" is-config="true" duration-ms="4131" started-at="2020-09-12T09:05:00Z" finished-at="2020-09-12T09:05:04Z">
          <reporter-output>
          </reporter-output>
        </test-method> <!-- afterTest -->
      </class> <!-- Demo_Selenium.Check_Youtube_Message -->
    </test> <!-- Test_One_Lin -->
  </suite> <!-- Suite -->
</testng-results>
